<?xml version="1.0" encoding="utf-8"?><testsuites name="pytest tests"><testsuite name="pytest" errors="0" failures="0" skipped="0" tests="13" time="8.791" timestamp="2026-07-12T21:07:37.922100+00:00" hostname="agent-env-c91c81b5-67e2-4f5f-9c0c-1dd64a38879b"><testcase classname="tests.backend_test.TestSignup" name="test_first_time_signup_shape" time="0.547" /><testcase classname="tests.backend_test.TestReferrals" name="test_referral_increments_and_bumps_position" time="1.444" /><testcase classname="tests.backend_test.TestSignup" name="test_idempotent_returns_already_joined" time="0.525" /><testcase classname="tests.backend_test.TestSignup" name="test_invalid_email_422" time="0.044" /><testcase classname="tests.backend_test.TestSignup" name="test_invalid_ref_code_silently_ignored" time="0.387" /><testcase classname="tests.backend_test.TestReferrals" name="test_lookup_by_code" time="0.669" /><testcase classname="tests.backend_test.TestHealth" name="test_root" time="0.045" /><testcase classname="tests.backend_test.TestHealth" name="test_stats_shape" time="0.166" /><testcase classname="tests.backend_test.TestAdmin" name="test_admin_requires_token" time="0.047" /><testcase classname="tests.backend_test.TestAdmin" name="test_admin_with_token" time="0.454" /><testcase classname="tests.backend_test.TestReferrals" name="test_lookup_case_insensitive" time="0.550" /><testcase classname="tests.backend_test.TestReferrals" name="test_beta_unlock_after_3_referrals" time="2.726" /><testcase classname="tests.backend_test.TestBetaCap" name="test_over_cap_no_beta_grant" time="5.610" /></testsuite></testsuites>