<?xml version="1.0" encoding="utf-8"?><testsuites name="pytest tests"><testsuite name="pytest" errors="0" failures="0" skipped="0" tests="6" time="3.335" timestamp="2026-07-08T20:13:17.011359+00:00" hostname="agent-env-c91c81b5-67e2-4f5f-9c0c-1dd64a38879b"><testcase classname="tests.backend_test.TestHealth" name="test_root" time="0.476" /><testcase classname="tests.backend_test.TestWaitlist" name="test_stats_shape" time="0.476" /><testcase classname="tests.backend_test.TestWaitlist" name="test_join_and_idempotent" time="0.918" /><testcase classname="tests.backend_test.TestWaitlist" name="test_invalid_email" time="0.048" /><testcase classname="tests.backend_test.TestWaitlist" name="test_admin_requires_token" time="0.046" /><testcase classname="tests.backend_test.TestWaitlist" name="test_admin_with_token" time="0.045" /></testsuite></testsuites>